<?xml version="1.0" encoding="UTF-8" standalone="yes"?>
<ns2:test-suite xmlns:ns2="urn:model.allure.qatools.yandex.ru" start="1387445106816" stop="1387445201697">
    <name>my.company.ScreenshotTest</name>
    <title>Search tests</title>
    <description type="text">This testsuite has tests what always are passing</description>
    <test-cases>
        <test-case start="1387445106817" stop="1387445201230" status="passed" severity="trivial">
            <name>emptyTextSearch</name>
            <title>Empty text search</title>
            <steps>
                <step start="1387445107965" stop="1387445168268" status="passed">
                    <name>openMainPage</name>
                </step>
                <step start="1387445168270" stop="1387445200643" status="passed">
                    <name>search</name>
                </step>
            </steps>
            <attachments>
                <attachment title="Page Screenshot" source="afc3bbb4-3fa3-4598-8542-b5cf07433c8f-attachment.png" type="png"/>
            </attachments>
            <labels>
                <label name="story" value=""/>
                <label name="feature" value=""/>
            </labels>
        </test-case>
        <test-case start="1387445106817" stop="1387445173086" status="passed" severity="normal">
            <name>usualSearch</name>
            <title>Usual search test</title>
            <steps>
                <step start="1387445107965" stop="1387445168268" status="passed">
                    <name>openMainPage</name>
                </step>
                <step start="1387445168268" stop="1387445172379" status="passed">
                    <name>search</name>
                </step>
            </steps>
            <attachments>
                <attachment title="Page Screenshot" source="a3d4a3f9-7941-4bbc-95aa-4bcc6228aee9-attachment.png" type="png"/>
            </attachments>
            <labels>
                <label name="story" value=""/>
                <label name="feature" value=""/>
            </labels>
        </test-case>
        <test-case start="1387445106817" stop="1387445201696" status="passed" severity="normal">
            <name>wildcardSearch</name>
            <title>Wildcard search test</title>
            <steps>
                <step start="1387445107965" stop="1387445168208" status="passed">
                    <name>openMainPage</name>
                </step>
                <step start="1387445168208" stop="1387445201004" status="passed">
                    <name>search</name>
                </step>
            </steps>
            <attachments>
                <attachment title="Page Screenshot" source="60ba3dff-63d0-4d14-b19b-67005d9983b9-attachment.png" type="png"/>
            </attachments>
            <labels>
                <label name="story" value=""/>
                <label name="feature" value=""/>
            </labels>
        </test-case>
        <test-case start="1387445106817" stop="1387445168931" status="failed" severity="normal">
            <name>pageLoadingTest</name>
            <title>Page loading test</title>
            <failure>
                <message>AssertionError: 
Expected: is &quot;Yandex&quot;
     but: was &quot;&quot;</message>
                <stack-trace>java.lang.AssertionError: 
Expected: is &quot;Yandex&quot;
     but: was &quot;&quot;
	at org.hamcrest.MatcherAssert.assertThat(MatcherAssert.java:20)
	at org.junit.Assert.assertThat(Assert.java:865)
	at org.junit.Assert.assertThat(Assert.java:832)
	at my.company.steps.WebDriverSteps.checkText(WebDriverSteps.java:50)
	at my.company.ScreenshotTest.pageLoadingTest(ScreenshotTest.java:37)
	at sun.reflect.NativeMethodAccessorImpl.invoke0(Native Method)
	at sun.reflect.NativeMethodAccessorImpl.invoke(NativeMethodAccessorImpl.java:57)
	at sun.reflect.DelegatingMethodAccessorImpl.invoke(DelegatingMethodAccessorImpl.java:43)
	at java.lang.reflect.Method.invoke(Method.java:606)
	at org.junit.runners.model.FrameworkMethod$1.runReflectiveCall(FrameworkMethod.java:47)
	at org.junit.internal.runners.model.ReflectiveCallable.run(ReflectiveCallable.java:12)
	at org.junit.runners.model.FrameworkMethod.invokeExplosively(FrameworkMethod.java:44)
	at org.junit.internal.runners.statements.InvokeMethod.evaluate(InvokeMethod.java:17)
	at org.junit.internal.runners.statements.RunBefores.evaluate(RunBefores.java:26)
	at org.junit.internal.runners.statements.RunAfters.evaluate(RunAfters.java:27)
	at org.junit.rules.TestWatcher$1.evaluate(TestWatcher.java:55)
	at org.junit.rules.RunRules.evaluate(RunRules.java:20)
	at org.junit.runners.ParentRunner.runLeaf(ParentRunner.java:271)
	at org.junit.runners.BlockJUnit4ClassRunner.runChild(BlockJUnit4ClassRunner.java:70)
	at org.junit.runners.BlockJUnit4ClassRunner.runChild(BlockJUnit4ClassRunner.java:50)
	at org.junit.runners.ParentRunner$3.run(ParentRunner.java:238)
	at java.util.concurrent.Executors$RunnableAdapter.call(Executors.java:471)
	at java.util.concurrent.FutureTask.run(FutureTask.java:262)
	at java.util.concurrent.ThreadPoolExecutor.runWorker(ThreadPoolExecutor.java:1145)
	at java.util.concurrent.ThreadPoolExecutor$Worker.run(ThreadPoolExecutor.java:615)
	at java.lang.Thread.run(Thread.java:744)
</stack-trace>
            </failure>
            <steps>
                <step start="1387445107965" stop="1387445168290" status="passed">
                    <name>openMainPage</name>
                </step>
                <step start="1387445168383" stop="1387445168394" status="passed">
                    <name>findElement</name>
                </step>
                <step start="1387445168394" stop="1387445168417" status="failed">
                    <name>checkText</name>
                    <title>Check text in element</title>
                </step>
            </steps>
            <attachments>
                <attachment title="Server Log" source="580d5091-b0ea-491e-b473-d3909537db56-attachment.txt" type="txt"/>
                <attachment title="Response" source="3764d7c6-1784-4b62-af6c-7c28efc6048e-attachment.json" type="json"/>
                <attachment title="Page Screenshot" source="5afb4424-ede9-4967-84e3-731bacd0ac1a-attachment.png" type="png"/>
            </attachments>
            <labels>
                <label name="story" value=""/>
                <label name="feature" value=""/>
            </labels>
        </test-case>
    </test-cases>
    <labels/>
</ns2:test-suite>
