<?xml version="1.0" encoding="UTF-8" standalone="yes"?>
<ns2:test-suite xmlns:ns2="urn:model.allure.qatools.yandex.ru" start="1386599298660" stop="1386599304880">
    <title>Search tests</title>
    <description>This testsuite has tests what always are passing</description>
    <classname>my.company.SearchTest</classname>
    <test-cases>
        <test-case start="1386599298669" stop="1386599300747" status="failed" severity="normal">
            <title>Page loading test</title>
            <failure>
                <message>
Expected: is &quot;Yandex&quot;
     got: &quot;&quot;
</message>
                <stack-trace>java.lang.AssertionError: 
Expected: is &quot;Yandex&quot;
     got: &quot;&quot;

	at org.hamcrest.MatcherAssert.assertThat(MatcherAssert.java:21)
	at org.junit.Assert.assertThat(Assert.java:865)
	at org.junit.Assert.assertThat(Assert.java:832)
	at my.company.steps.WebDriverSteps.checkText(WebDriverSteps.java:50)
	at my.company.SearchTest.pageLoadingTest(SearchTest.java:42)
	at sun.reflect.NativeMethodAccessorImpl.invoke0(Native Method)
	at sun.reflect.NativeMethodAccessorImpl.invoke(NativeMethodAccessorImpl.java:57)
	at sun.reflect.DelegatingMethodAccessorImpl.invoke(DelegatingMethodAccessorImpl.java:43)
	at java.lang.reflect.Method.invoke(Method.java:606)
	at org.junit.runners.model.FrameworkMethod$1.runReflectiveCall(FrameworkMethod.java:47)
	at org.junit.internal.runners.model.ReflectiveCallable.run(ReflectiveCallable.java:12)
	at org.junit.runners.model.FrameworkMethod.invokeExplosively(FrameworkMethod.java:44)
	at org.junit.internal.runners.statements.InvokeMethod.evaluate(InvokeMethod.java:17)
	at org.junit.internal.runners.statements.RunBefores.evaluate(RunBefores.java:26)
	at org.junit.internal.runners.statements.RunAfters.evaluate(RunAfters.java:27)
	at org.junit.rules.TestWatcher$1.evaluate(TestWatcher.java:55)
	at org.junit.rules.RunRules.evaluate(RunRules.java:20)
	at org.junit.runners.ParentRunner.runLeaf(ParentRunner.java:271)
	at org.junit.runners.BlockJUnit4ClassRunner.runChild(BlockJUnit4ClassRunner.java:70)
	at org.junit.runners.BlockJUnit4ClassRunner.runChild(BlockJUnit4ClassRunner.java:50)
	at org.junit.runners.ParentRunner$3.run(ParentRunner.java:238)
	at java.util.concurrent.Executors$RunnableAdapter.call(Executors.java:471)
	at java.util.concurrent.FutureTask.run(FutureTask.java:262)
	at java.util.concurrent.ThreadPoolExecutor.runWorker(ThreadPoolExecutor.java:1145)
	at java.util.concurrent.ThreadPoolExecutor$Worker.run(ThreadPoolExecutor.java:615)
	at java.lang.Thread.run(Thread.java:744)
</stack-trace>
            </failure>
            <steps>
                <step start="1386599299721" stop="1386599300091" status="passed">
                    <title>openMainPage</title>
                </step>
                <step start="1386599300195" stop="1386599300210" status="passed">
                    <title>findElement</title>
                </step>
                <step start="1386599300210" stop="1386599300230" status="failed">
                    <title>Check text in element</title>
                </step>
            </steps>
            <attachments>
                <attachment title="Server Log" source="da6582fb-a827-4613-acd9-7e6212be845c-attachment.txt" type="txt"/>
                <attachment title="Response" source="71d7c16b-ab34-408a-b674-3254134b3a5d-attachment.json" type="json"/>
                <attachment title="Page Screenshot" source="d7719f95-c796-4056-9c81-318e01e72129-attachment.png" type="png"/>
            </attachments>
        </test-case>
        <test-case start="1386599298669" stop="1386599302904" status="passed" severity="normal">
            <title>Usual search test</title>
            <steps>
                <step start="1386599299721" stop="1386599300082" status="passed">
                    <title>openMainPage</title>
                </step>
                <step start="1386599300082" stop="1386599302200" status="passed">
                    <title>search</title>
                </step>
            </steps>
            <attachments>
                <attachment title="Page Screenshot" source="0c8c6444-c6ee-499b-9d88-e91b2a3a6677-attachment.png" type="png"/>
            </attachments>
        </test-case>
        <test-case start="1386599298670" stop="1386599303321" status="passed" severity="trivial">
            <title>Empty text search</title>
            <steps>
                <step start="1386599299723" stop="1386599300116" status="passed">
                    <title>openMainPage</title>
                </step>
                <step start="1386599300116" stop="1386599302722" status="passed">
                    <title>search</title>
                </step>
            </steps>
            <attachments>
                <attachment title="Page Screenshot" source="6cf848d4-b7c6-4563-815e-11a47cb10b74-attachment.png" type="png"/>
            </attachments>
        </test-case>
        <test-case start="1386599298669" stop="1386599304878" status="passed" severity="normal">
            <title>Wildcard search test</title>
            <steps>
                <step start="1386599299721" stop="1386599300106" status="passed">
                    <title>openMainPage</title>
                </step>
                <step start="1386599300106" stop="1386599304214" status="passed">
                    <title>search</title>
                </step>
            </steps>
            <attachments>
                <attachment title="Page Screenshot" source="d7dc4bb7-e898-4526-9e82-7df16d338aa4-attachment.png" type="png"/>
            </attachments>
        </test-case>
    </test-cases>
</ns2:test-suite>
